2021-05-05 18:37:07,035 INFO o.a.j.u.JMeterUtils: Setting Locale to en_EN
2021-05-05 18:37:07,107 INFO o.a.j.JMeter: Loading user properties from: /usr/local/Cellar/jmeter/5.4.1/libexec/bin/user.properties
2021-05-05 18:37:07,112 INFO o.a.j.JMeter: Loading system properties from: /usr/local/Cellar/jmeter/5.4.1/libexec/bin/system.properties
2021-05-05 18:37:07,121 INFO o.a.j.JMeter: Copyright (c) 1998-2021 The Apache Software Foundation
2021-05-05 18:37:07,121 INFO o.a.j.JMeter: Version 5.4.1
2021-05-05 18:37:07,121 INFO o.a.j.JMeter: java.version=15.0.2
2021-05-05 18:37:07,121 INFO o.a.j.JMeter: java.vm.name=OpenJDK 64-Bit Server VM
2021-05-05 18:37:07,122 INFO o.a.j.JMeter: os.name=Mac OS X
2021-05-05 18:37:07,122 INFO o.a.j.JMeter: os.arch=x86_64
2021-05-05 18:37:07,122 INFO o.a.j.JMeter: os.version=11.3
2021-05-05 18:37:07,122 INFO o.a.j.JMeter: file.encoding=UTF-8
2021-05-05 18:37:07,122 INFO o.a.j.JMeter: java.awt.headless=null
2021-05-05 18:37:07,122 INFO o.a.j.JMeter: Max memory     =1073741824
2021-05-05 18:37:07,122 INFO o.a.j.JMeter: Available Processors =8
2021-05-05 18:37:07,133 INFO o.a.j.JMeter: Default Locale=English (EN)
2021-05-05 18:37:07,134 INFO o.a.j.JMeter: JMeter  Locale=English (EN)
2021-05-05 18:37:07,134 INFO o.a.j.JMeter: JMeterHome=/usr/local/Cellar/jmeter/5.4.1/libexec
2021-05-05 18:37:07,134 INFO o.a.j.JMeter: user.dir  =/Users/prashantapaudel/Jmeter-loadtesting
2021-05-05 18:37:07,134 INFO o.a.j.JMeter: PWD       =/Users/prashantapaudel/Jmeter-loadtesting
2021-05-05 18:37:07,136 INFO o.a.j.JMeter: IP: 127.0.0.1 Name: pacific.local FullName: localhost
2021-05-05 18:37:07,739 INFO o.a.j.JMeter: Setting LAF to: com.github.weisj.darklaf.DarkLaf:com.github.weisj.darklaf.theme.DarculaTheme
2021-05-05 18:37:12,145 INFO o.a.j.JMeter: Loaded icon properties from org/apache/jmeter/images/icon.properties
2021-05-05 18:37:13,586 WARN o.j.r.PluginManager: Found JAR conflict: /usr/local/Cellar/jmeter/5.4.1/libexec/lib/jmeter-plugins-cmn-jmeter-0.6.jar and /usr/local/Cellar/jmeter/5.4.1/libexec/lib/jmeter-plugins-cmn-jmeter-0.4.jar
2021-05-05 18:37:13,587 WARN o.j.r.PluginManager: Found JAR conflict: /usr/local/Cellar/jmeter/5.4.1/libexec/lib/ext/jmeter-plugins-manager-1.6.jar and /usr/local/Cellar/jmeter/5.4.1/libexec/lib/ext/jmeter-plugins-manager-0.20.jar
2021-05-05 18:37:16,179 INFO o.j.r.PluginManager: Plugins Status: [jpgc-graphs-basic=2.0, jpgc-graphs-additional=2.0, jpgc-functions=2.1, jpgc-casutg=2.9, jpgc-dummy=0.4, jpgc-filterresults=2.2, jpgc-ffw=2.0, jpgc-ggl=2.0, jpgc-fifo=0.2, jpgc-graphs-vs=2.0, jpgc-mergeresults=2.1, jpgc-perfmon=2.1, jpgc-plugins-manager=0.20, jmeter-prometheus=0.6.0, jpgc-tst=2.5, jmeter-core=5.4.1, jmeter-ftp=5.4.1, jmeter-http=5.4.1, jmeter-jdbc=5.4.1, jmeter-jms=5.4.1, jmeter-junit=5.4.1, jmeter-java=5.4.1, jmeter-ldap=5.4.1, jmeter-mail=5.4.1, jmeter-mongodb=5.4.1, jmeter-native=5.4.1, jmeter-tcp=5.4.1, jmeter-components=5.4.1, jpgc-standard=2.0]
2021-05-05 18:37:16,181 INFO o.j.r.PluginManagerMenuItem: Plugins Manager has upgrades: [jpgc-plugins-manager]
2021-05-05 18:37:26,745 INFO o.a.j.s.FileServer: Default base='/Users/prashantapaudel/Jmeter-loadtesting'
2021-05-05 18:37:26,750 INFO o.a.j.g.a.Load: Loading file: /Users/prashantapaudel/Jmeter-loadtesting/beta.jmx
2021-05-05 18:37:26,751 INFO o.a.j.s.FileServer: Set new base='/Users/prashantapaudel/Jmeter-loadtesting'
2021-05-05 18:37:26,911 INFO o.a.j.s.SaveService: Testplan (JMX) version: 2.2. Testlog (JTL) version: 2.2
2021-05-05 18:37:26,921 INFO o.a.j.s.SaveService: Using SaveService properties version 5.0
2021-05-05 18:37:26,922 INFO o.a.j.s.SaveService: Using SaveService properties file encoding UTF-8
2021-05-05 18:37:26,923 INFO o.a.j.s.SaveService: Loading file: /Users/prashantapaudel/Jmeter-loadtesting/beta.jmx
2021-05-05 18:37:27,023 INFO o.a.j.p.h.s.HTTPSamplerBase: Parser for text/html is org.apache.jmeter.protocol.http.parser.LagartoBasedHtmlParser
2021-05-05 18:37:27,023 INFO o.a.j.p.h.s.HTTPSamplerBase: Parser for application/xhtml+xml is org.apache.jmeter.protocol.http.parser.LagartoBasedHtmlParser
2021-05-05 18:37:27,023 INFO o.a.j.p.h.s.HTTPSamplerBase: Parser for application/xml is org.apache.jmeter.protocol.http.parser.LagartoBasedHtmlParser
2021-05-05 18:37:27,023 INFO o.a.j.p.h.s.HTTPSamplerBase: Parser for text/xml is org.apache.jmeter.protocol.http.parser.LagartoBasedHtmlParser
2021-05-05 18:37:27,024 INFO o.a.j.p.h.s.HTTPSamplerBase: Parser for text/vnd.wap.wml is org.apache.jmeter.protocol.http.parser.RegexpHTMLParser
2021-05-05 18:37:27,024 INFO o.a.j.p.h.s.HTTPSamplerBase: Parser for text/css is org.apache.jmeter.protocol.http.parser.CssParser
2021-05-05 18:37:27,152 INFO o.a.j.s.FileServer: Set new base='/Users/prashantapaudel/Jmeter-loadtesting'
2021-05-05 18:37:32,072 INFO o.a.j.e.StandardJMeterEngine: Running the test!
2021-05-05 18:37:32,072 INFO o.a.j.s.SampleEvent: List of sample_variables: []
2021-05-05 18:37:32,073 INFO o.a.j.s.SampleEvent: List of sample_variables: []
2021-05-05 18:37:32,074 INFO o.a.j.e.u.CompoundVariable: Note: Function class names must contain the string: '.functions.'
2021-05-05 18:37:32,074 INFO o.a.j.e.u.CompoundVariable: Note: Function class names must not contain the string: '.gui.'
2021-05-05 18:37:32,104 INFO o.a.j.g.u.JMeterMenuBar: setRunning(true, *local*)
2021-05-05 18:37:32,148 INFO o.a.j.e.StandardJMeterEngine: Starting ThreadGroup: 1 : Thread Group
2021-05-05 18:37:32,148 INFO o.a.j.e.StandardJMeterEngine: Starting 100 threads for group Thread Group.
2021-05-05 18:37:32,148 INFO o.a.j.e.StandardJMeterEngine: Thread will continue on error
2021-05-05 18:37:32,149 INFO o.a.j.t.ThreadGroup: Starting thread group... number=1 threads=100 ramp-up=60 delayedStart=false
2021-05-05 18:37:32,153 INFO o.a.j.t.JMeterThread: Thread started: Thread Group 1-1
2021-05-05 18:37:32,156 INFO o.a.j.s.FileServer: Stored: /Users/prashantapaudel/csv/beta-urls.csv
2021-05-05 18:37:32,171 INFO o.a.j.p.h.s.HTTPHCAbstractImpl: Local host = pacific.local
2021-05-05 18:37:32,176 INFO o.a.j.p.h.s.HTTPHC4Impl: HTTP request retry count = 0
2021-05-05 18:37:32,177 INFO o.a.j.s.SampleResult: Note: Sample TimeStamps are START times
2021-05-05 18:37:32,177 INFO o.a.j.s.SampleResult: sampleresult.default.encoding is set to ISO-8859-1
2021-05-05 18:37:32,177 INFO o.a.j.s.SampleResult: sampleresult.useNanoTime=true
2021-05-05 18:37:32,177 INFO o.a.j.s.SampleResult: sampleresult.nanoThreadSleep=5000
2021-05-05 18:37:32,185 INFO o.a.j.t.ThreadGroup: Started thread group number 1
2021-05-05 18:37:32,186 INFO o.a.j.e.StandardJMeterEngine: All thread groups have been started
2021-05-05 18:37:32,320 INFO o.a.j.p.h.s.h.LazyLayeredConnectionSocketFactory: Setting up HTTPS TrustAll Socket Factory
2021-05-05 18:37:32,325 INFO o.a.j.u.JsseSSLManager: Using default SSL protocol: TLS
2021-05-05 18:37:32,325 INFO o.a.j.u.JsseSSLManager: SSL session context: per-thread
2021-05-05 18:37:32,352 INFO o.a.j.u.SSLManager: JmeterKeyStore Location:  type JKS
2021-05-05 18:37:32,353 INFO o.a.j.u.SSLManager: KeyStore created OK
2021-05-05 18:37:32,354 WARN o.a.j.u.SSLManager: Keystore file not found, loading empty keystore
2021-05-05 18:37:32,752 INFO o.a.j.t.JMeterThread: Thread started: Thread Group 1-2
2021-05-05 18:37:33,355 INFO o.a.j.t.JMeterThread: Thread started: Thread Group 1-3
2021-05-05 18:37:33,488 INFO o.a.j.t.JMeterThread: Thread is done: Thread Group 1-2
2021-05-05 18:37:33,488 INFO o.a.j.t.JMeterThread: Thread finished: Thread Group 1-2
2021-05-05 18:37:33,611 INFO o.a.j.t.JMeterThread: Thread is done: Thread Group 1-1
2021-05-05 18:37:33,611 INFO o.a.j.t.JMeterThread: Thread finished: Thread Group 1-1
2021-05-05 18:37:33,952 INFO o.a.j.t.JMeterThread: Thread started: Thread Group 1-4
2021-05-05 18:37:34,552 INFO o.a.j.t.JMeterThread: Thread started: Thread Group 1-5
2021-05-05 18:37:34,633 INFO o.a.j.t.JMeterThread: Thread is done: Thread Group 1-3
2021-05-05 18:37:34,633 INFO o.a.j.t.JMeterThread: Thread finished: Thread Group 1-3
2021-05-05 18:37:34,731 INFO o.a.j.t.JMeterThread: Thread is done: Thread Group 1-4
2021-05-05 18:37:34,731 INFO o.a.j.t.JMeterThread: Thread finished: Thread Group 1-4
2021-05-05 18:37:35,155 INFO o.a.j.t.JMeterThread: Thread started: Thread Group 1-6
2021-05-05 18:37:35,754 INFO o.a.j.t.JMeterThread: Thread started: Thread Group 1-7
2021-05-05 18:37:35,816 INFO o.a.j.t.JMeterThread: Thread is done: Thread Group 1-5
2021-05-05 18:37:35,816 INFO o.a.j.t.JMeterThread: Thread finished: Thread Group 1-5
2021-05-05 18:37:36,067 INFO o.a.j.t.JMeterThread: Thread is done: Thread Group 1-6
2021-05-05 18:37:36,067 INFO o.a.j.t.JMeterThread: Thread finished: Thread Group 1-6
2021-05-05 18:37:36,355 INFO o.a.j.t.JMeterThread: Thread started: Thread Group 1-8
2021-05-05 18:37:36,366 INFO o.a.j.t.JMeterThread: Thread is done: Thread Group 1-7
2021-05-05 18:37:36,366 INFO o.a.j.t.JMeterThread: Thread finished: Thread Group 1-7
2021-05-05 18:37:36,955 INFO o.a.j.t.JMeterThread: Thread started: Thread Group 1-9
2021-05-05 18:37:37,055 INFO o.a.j.t.JMeterThread: Thread is done: Thread Group 1-8
2021-05-05 18:37:37,055 INFO o.a.j.t.JMeterThread: Thread finished: Thread Group 1-8
2021-05-05 18:37:37,552 INFO o.a.j.t.JMeterThread: Thread started: Thread Group 1-10
2021-05-05 18:37:37,614 INFO o.a.j.t.JMeterThread: Thread is done: Thread Group 1-9
2021-05-05 18:37:37,614 INFO o.a.j.t.JMeterThread: Thread finished: Thread Group 1-9
2021-05-05 18:37:37,999 INFO o.a.j.t.JMeterThread: Thread is done: Thread Group 1-10
2021-05-05 18:37:37,999 INFO o.a.j.t.JMeterThread: Thread finished: Thread Group 1-10
2021-05-05 18:37:38,152 INFO o.a.j.t.JMeterThread: Thread started: Thread Group 1-11
2021-05-05 18:37:38,755 INFO o.a.j.t.JMeterThread: Thread started: Thread Group 1-12
2021-05-05 18:37:39,355 INFO o.a.j.t.JMeterThread: Thread started: Thread Group 1-13
2021-05-05 18:37:39,388 INFO o.a.j.t.JMeterThread: Thread is done: Thread Group 1-11
2021-05-05 18:37:39,388 INFO o.a.j.t.JMeterThread: Thread finished: Thread Group 1-11
2021-05-05 18:37:39,953 INFO o.a.j.t.JMeterThread: Thread started: Thread Group 1-14
2021-05-05 18:37:40,553 INFO o.a.j.t.JMeterThread: Thread started: Thread Group 1-15
2021-05-05 18:37:40,690 INFO o.a.j.t.JMeterThread: Thread is done: Thread Group 1-12
2021-05-05 18:37:40,690 INFO o.a.j.t.JMeterThread: Thread finished: Thread Group 1-12
2021-05-05 18:37:40,744 INFO o.a.j.t.JMeterThread: Thread is done: Thread Group 1-14
2021-05-05 18:37:40,744 INFO o.a.j.t.JMeterThread: Thread finished: Thread Group 1-14
2021-05-05 18:37:41,152 INFO o.a.j.t.JMeterThread: Thread started: Thread Group 1-16
2021-05-05 18:37:41,188 INFO o.a.j.t.JMeterThread: Thread is done: Thread Group 1-13
2021-05-05 18:37:41,188 INFO o.a.j.t.JMeterThread: Thread finished: Thread Group 1-13
2021-05-05 18:37:41,756 INFO o.a.j.t.JMeterThread: Thread started: Thread Group 1-17
2021-05-05 18:37:41,947 INFO o.a.j.t.JMeterThread: Thread is done: Thread Group 1-16
2021-05-05 18:37:41,947 INFO o.a.j.t.JMeterThread: Thread finished: Thread Group 1-16
2021-05-05 18:37:42,351 INFO o.a.j.t.JMeterThread: Thread started: Thread Group 1-18
2021-05-05 18:37:42,535 INFO o.a.j.t.JMeterThread: Thread is done: Thread Group 1-17
2021-05-05 18:37:42,535 INFO o.a.j.t.JMeterThread: Thread finished: Thread Group 1-17
2021-05-05 18:37:42,951 INFO o.a.j.t.JMeterThread: Thread started: Thread Group 1-19
2021-05-05 18:37:43,079 INFO o.a.j.t.JMeterThread: Thread is done: Thread Group 1-15
2021-05-05 18:37:43,079 INFO o.a.j.t.JMeterThread: Thread finished: Thread Group 1-15
2021-05-05 18:37:43,198 INFO o.a.j.t.JMeterThread: Thread is done: Thread Group 1-18
2021-05-05 18:37:43,198 INFO o.a.j.t.JMeterThread: Thread finished: Thread Group 1-18
2021-05-05 18:37:43,553 INFO o.a.j.t.JMeterThread: Thread started: Thread Group 1-20
2021-05-05 18:37:43,584 INFO o.a.j.t.JMeterThread: Thread is done: Thread Group 1-19
2021-05-05 18:37:43,584 INFO o.a.j.t.JMeterThread: Thread finished: Thread Group 1-19
2021-05-05 18:37:44,153 INFO o.a.j.t.JMeterThread: Thread started: Thread Group 1-21
2021-05-05 18:37:44,288 INFO o.a.j.t.JMeterThread: Thread is done: Thread Group 1-20
2021-05-05 18:37:44,288 INFO o.a.j.t.JMeterThread: Thread finished: Thread Group 1-20
2021-05-05 18:37:44,753 INFO o.a.j.t.JMeterThread: Thread started: Thread Group 1-22
2021-05-05 18:37:45,314 INFO o.a.j.t.JMeterThread: Thread is done: Thread Group 1-21
2021-05-05 18:37:45,314 INFO o.a.j.t.JMeterThread: Thread finished: Thread Group 1-21
2021-05-05 18:37:45,351 INFO o.a.j.t.JMeterThread: Thread started: Thread Group 1-23
2021-05-05 18:37:45,570 INFO o.a.j.t.JMeterThread: Thread is done: Thread Group 1-22
2021-05-05 18:37:45,571 INFO o.a.j.t.JMeterThread: Thread finished: Thread Group 1-22
2021-05-05 18:37:45,955 INFO o.a.j.t.JMeterThread: Thread started: Thread Group 1-24
2021-05-05 18:37:46,183 INFO o.a.j.t.JMeterThread: Thread is done: Thread Group 1-23
2021-05-05 18:37:46,183 INFO o.a.j.t.JMeterThread: Thread finished: Thread Group 1-23
2021-05-05 18:37:46,547 INFO o.a.j.t.JMeterThread: Thread is done: Thread Group 1-24
2021-05-05 18:37:46,547 INFO o.a.j.t.JMeterThread: Thread finished: Thread Group 1-24
2021-05-05 18:37:46,550 INFO o.a.j.t.JMeterThread: Thread started: Thread Group 1-25
2021-05-05 18:37:47,151 INFO o.a.j.t.JMeterThread: Thread started: Thread Group 1-26
2021-05-05 18:37:47,584 INFO o.a.j.t.JMeterThread: Thread is done: Thread Group 1-25
2021-05-05 18:37:47,584 INFO o.a.j.t.JMeterThread: Thread finished: Thread Group 1-25
2021-05-05 18:37:47,750 INFO o.a.j.t.JMeterThread: Thread started: Thread Group 1-27
2021-05-05 18:37:48,018 INFO o.a.j.t.JMeterThread: Thread is done: Thread Group 1-26
2021-05-05 18:37:48,019 INFO o.a.j.t.JMeterThread: Thread finished: Thread Group 1-26
2021-05-05 18:37:48,349 INFO o.a.j.t.JMeterThread: Thread started: Thread Group 1-28
2021-05-05 18:37:48,618 INFO o.a.j.t.JMeterThread: Thread is done: Thread Group 1-27
2021-05-05 18:37:48,618 INFO o.a.j.t.JMeterThread: Thread finished: Thread Group 1-27
2021-05-05 18:37:48,951 INFO o.a.j.t.JMeterThread: Thread started: Thread Group 1-29
2021-05-05 18:37:49,398 INFO o.a.j.t.JMeterThread: Thread is done: Thread Group 1-28
2021-05-05 18:37:49,398 INFO o.a.j.t.JMeterThread: Thread finished: Thread Group 1-28
2021-05-05 18:37:49,551 INFO o.a.j.t.JMeterThread: Thread started: Thread Group 1-30
2021-05-05 18:37:49,718 INFO o.a.j.t.JMeterThread: Thread is done: Thread Group 1-29
2021-05-05 18:37:49,718 INFO o.a.j.t.JMeterThread: Thread finished: Thread Group 1-29
2021-05-05 18:37:50,152 INFO o.a.j.t.JMeterThread: Thread started: Thread Group 1-31
2021-05-05 18:37:50,401 INFO o.a.j.t.JMeterThread: Thread is done: Thread Group 1-30
2021-05-05 18:37:50,401 INFO o.a.j.t.JMeterThread: Thread finished: Thread Group 1-30
2021-05-05 18:37:50,753 INFO o.a.j.t.JMeterThread: Thread started: Thread Group 1-32
2021-05-05 18:37:51,340 INFO o.a.j.t.JMeterThread: Thread is done: Thread Group 1-32
2021-05-05 18:37:51,341 INFO o.a.j.t.JMeterThread: Thread finished: Thread Group 1-32
2021-05-05 18:37:51,353 INFO o.a.j.t.JMeterThread: Thread started: Thread Group 1-33
2021-05-05 18:37:51,439 INFO o.a.j.t.JMeterThread: Thread is done: Thread Group 1-31
2021-05-05 18:37:51,439 INFO o.a.j.t.JMeterThread: Thread finished: Thread Group 1-31
2021-05-05 18:37:51,953 INFO o.a.j.t.JMeterThread: Thread started: Thread Group 1-34
2021-05-05 18:37:52,041 INFO o.a.j.t.JMeterThread: Thread is done: Thread Group 1-33
2021-05-05 18:37:52,042 INFO o.a.j.t.JMeterThread: Thread finished: Thread Group 1-33
2021-05-05 18:37:52,475 INFO o.a.j.t.JMeterThread: Thread is done: Thread Group 1-34
2021-05-05 18:37:52,475 INFO o.a.j.t.JMeterThread: Thread finished: Thread Group 1-34
2021-05-05 18:37:52,554 INFO o.a.j.t.JMeterThread: Thread started: Thread Group 1-35
2021-05-05 18:37:53,142 INFO o.a.j.t.JMeterThread: Thread is done: Thread Group 1-35
2021-05-05 18:37:53,142 INFO o.a.j.t.JMeterThread: Thread finished: Thread Group 1-35
2021-05-05 18:37:53,154 INFO o.a.j.t.JMeterThread: Thread started: Thread Group 1-36
2021-05-05 18:37:53,750 INFO o.a.j.t.JMeterThread: Thread started: Thread Group 1-37
2021-05-05 18:37:53,757 INFO o.a.j.t.JMeterThread: Thread is done: Thread Group 1-36
2021-05-05 18:37:53,758 INFO o.a.j.t.JMeterThread: Thread finished: Thread Group 1-36
2021-05-05 18:37:54,301 INFO o.a.j.t.JMeterThread: Thread is done: Thread Group 1-37
2021-05-05 18:37:54,302 INFO o.a.j.t.JMeterThread: Thread finished: Thread Group 1-37
2021-05-05 18:37:54,353 INFO o.a.j.t.JMeterThread: Thread started: Thread Group 1-38
2021-05-05 18:37:54,912 INFO o.a.j.t.JMeterThread: Thread is done: Thread Group 1-38
2021-05-05 18:37:54,912 INFO o.a.j.t.JMeterThread: Thread finished: Thread Group 1-38
2021-05-05 18:37:54,951 INFO o.a.j.t.JMeterThread: Thread started: Thread Group 1-39
2021-05-05 18:37:55,510 INFO o.a.j.t.JMeterThread: Thread is done: Thread Group 1-39
2021-05-05 18:37:55,510 INFO o.a.j.t.JMeterThread: Thread finished: Thread Group 1-39
2021-05-05 18:37:55,550 INFO o.a.j.t.JMeterThread: Thread started: Thread Group 1-40
2021-05-05 18:37:56,155 INFO o.a.j.t.JMeterThread: Thread started: Thread Group 1-41
2021-05-05 18:37:56,230 INFO o.a.j.t.JMeterThread: Thread is done: Thread Group 1-40
2021-05-05 18:37:56,230 INFO o.a.j.t.JMeterThread: Thread finished: Thread Group 1-40
2021-05-05 18:37:56,752 INFO o.a.j.t.JMeterThread: Thread started: Thread Group 1-42
2021-05-05 18:37:57,354 INFO o.a.j.t.JMeterThread: Thread started: Thread Group 1-43
2021-05-05 18:37:57,578 INFO o.a.j.t.JMeterThread: Thread is done: Thread Group 1-42
2021-05-05 18:37:57,578 INFO o.a.j.t.JMeterThread: Thread finished: Thread Group 1-42
2021-05-05 18:37:57,655 INFO o.a.j.t.JMeterThread: Thread is done: Thread Group 1-41
2021-05-05 18:37:57,656 INFO o.a.j.t.JMeterThread: Thread finished: Thread Group 1-41
2021-05-05 18:37:57,953 INFO o.a.j.t.JMeterThread: Thread started: Thread Group 1-44
2021-05-05 18:37:57,973 INFO o.a.j.t.JMeterThread: Thread is done: Thread Group 1-43
2021-05-05 18:37:57,974 INFO o.a.j.t.JMeterThread: Thread finished: Thread Group 1-43
2021-05-05 18:37:58,507 INFO o.a.j.t.JMeterThread: Thread is done: Thread Group 1-44
2021-05-05 18:37:58,507 INFO o.a.j.t.JMeterThread: Thread finished: Thread Group 1-44
2021-05-05 18:37:58,552 INFO o.a.j.t.JMeterThread: Thread started: Thread Group 1-45
2021-05-05 18:37:59,126 INFO o.a.j.t.JMeterThread: Thread is done: Thread Group 1-45
2021-05-05 18:37:59,126 INFO o.a.j.t.JMeterThread: Thread finished: Thread Group 1-45
2021-05-05 18:37:59,151 INFO o.a.j.t.JMeterThread: Thread started: Thread Group 1-46
2021-05-05 18:37:59,746 INFO o.a.j.t.JMeterThread: Thread is done: Thread Group 1-46
2021-05-05 18:37:59,747 INFO o.a.j.t.JMeterThread: Thread finished: Thread Group 1-46
2021-05-05 18:37:59,750 INFO o.a.j.t.JMeterThread: Thread started: Thread Group 1-47
2021-05-05 18:38:00,353 INFO o.a.j.t.JMeterThread: Thread started: Thread Group 1-48
2021-05-05 18:38:00,363 INFO o.a.j.t.JMeterThread: Thread is done: Thread Group 1-47
2021-05-05 18:38:00,363 INFO o.a.j.t.JMeterThread: Thread finished: Thread Group 1-47
2021-05-05 18:38:00,951 INFO o.a.j.t.JMeterThread: Thread started: Thread Group 1-49
2021-05-05 18:38:01,069 INFO o.a.j.t.JMeterThread: Thread is done: Thread Group 1-48
2021-05-05 18:38:01,069 INFO o.a.j.t.JMeterThread: Thread finished: Thread Group 1-48
2021-05-05 18:38:01,551 INFO o.a.j.t.JMeterThread: Thread started: Thread Group 1-50
2021-05-05 18:38:01,874 INFO o.a.j.t.JMeterThread: Thread is done: Thread Group 1-49
2021-05-05 18:38:01,874 INFO o.a.j.t.JMeterThread: Thread finished: Thread Group 1-49
2021-05-05 18:38:01,938 INFO o.a.j.v.ViewResultsFullVisualizer: Add JavaFX to your Java installation if you want to use renderer: org.apache.jmeter.visualizers.RenderInBrowser
2021-05-05 18:38:02,155 INFO o.a.j.t.JMeterThread: Thread started: Thread Group 1-51
2021-05-05 18:38:02,316 INFO o.a.j.t.JMeterThread: Thread is done: Thread Group 1-50
2021-05-05 18:38:02,317 INFO o.a.j.t.JMeterThread: Thread finished: Thread Group 1-50
2021-05-05 18:38:02,693 INFO o.a.j.t.JMeterThread: Thread is done: Thread Group 1-51
2021-05-05 18:38:02,693 INFO o.a.j.t.JMeterThread: Thread finished: Thread Group 1-51
2021-05-05 18:38:02,750 INFO o.a.j.t.JMeterThread: Thread started: Thread Group 1-52
2021-05-05 18:38:03,356 INFO o.a.j.t.JMeterThread: Thread started: Thread Group 1-53
2021-05-05 18:38:03,406 INFO o.a.j.t.JMeterThread: Thread is done: Thread Group 1-52
2021-05-05 18:38:03,406 INFO o.a.j.t.JMeterThread: Thread finished: Thread Group 1-52
2021-05-05 18:38:03,924 INFO o.a.j.t.JMeterThread: Thread is done: Thread Group 1-53
2021-05-05 18:38:03,924 INFO o.a.j.t.JMeterThread: Thread finished: Thread Group 1-53
2021-05-05 18:38:03,951 INFO o.a.j.t.JMeterThread: Thread started: Thread Group 1-54
2021-05-05 18:38:04,506 INFO o.a.j.t.JMeterThread: Thread is done: Thread Group 1-54
2021-05-05 18:38:04,507 INFO o.a.j.t.JMeterThread: Thread finished: Thread Group 1-54
2021-05-05 18:38:04,555 INFO o.a.j.t.JMeterThread: Thread started: Thread Group 1-55
2021-05-05 18:38:05,150 INFO o.a.j.t.JMeterThread: Thread started: Thread Group 1-56
2021-05-05 18:38:05,201 INFO o.a.j.t.JMeterThread: Thread is done: Thread Group 1-55
2021-05-05 18:38:05,201 INFO o.a.j.t.JMeterThread: Thread finished: Thread Group 1-55
2021-05-05 18:38:05,749 INFO o.a.j.t.JMeterThread: Thread started: Thread Group 1-57
2021-05-05 18:38:05,800 INFO o.a.j.t.JMeterThread: Thread is done: Thread Group 1-56
2021-05-05 18:38:05,800 INFO o.a.j.t.JMeterThread: Thread finished: Thread Group 1-56
2021-05-05 18:38:06,349 INFO o.a.j.t.JMeterThread: Thread started: Thread Group 1-58
2021-05-05 18:38:06,528 INFO o.a.j.t.JMeterThread: Thread is done: Thread Group 1-57
2021-05-05 18:38:06,528 INFO o.a.j.t.JMeterThread: Thread finished: Thread Group 1-57
2021-05-05 18:38:06,687 INFO o.a.j.g.a.Start: Shutting test down
2021-05-05 18:38:06,711 INFO o.a.j.t.JMeterThread: Stopping: Thread Group 1-66
2021-05-05 18:38:06,711 INFO o.a.j.t.JMeterThread: Stopping: Thread Group 1-83
2021-05-05 18:38:06,711 INFO o.a.j.t.JMeterThread: Stopping: Thread Group 1-89
2021-05-05 18:38:06,711 INFO o.a.j.t.JMeterThread: Stopping: Thread Group 1-79
2021-05-05 18:38:06,711 INFO o.a.j.t.JMeterThread: Stopping: Thread Group 1-84
2021-05-05 18:38:06,712 INFO o.a.j.t.JMeterThread: Stopping: Thread Group 1-81
2021-05-05 18:38:06,712 INFO o.a.j.t.JMeterThread: Stopping: Thread Group 1-69
2021-05-05 18:38:06,712 INFO o.a.j.t.JMeterThread: Stopping: Thread Group 1-77
2021-05-05 18:38:06,712 INFO o.a.j.t.JMeterThread: Stopping: Thread Group 1-58
2021-05-05 18:38:06,712 INFO o.a.j.t.JMeterThread: Stopping: Thread Group 1-64
2021-05-05 18:38:06,712 INFO o.a.j.t.JMeterThread: Stopping: Thread Group 1-87
2021-05-05 18:38:06,712 INFO o.a.j.t.JMeterThread: Stopping: Thread Group 1-65
2021-05-05 18:38:06,712 INFO o.a.j.t.JMeterThread: Stopping: Thread Group 1-93
2021-05-05 18:38:06,712 INFO o.a.j.t.JMeterThread: Stopping: Thread Group 1-88
2021-05-05 18:38:06,712 INFO o.a.j.t.JMeterThread: Stopping: Thread Group 1-61
2021-05-05 18:38:06,712 INFO o.a.j.t.JMeterThread: Stopping: Thread Group 1-85
2021-05-05 18:38:06,712 INFO o.a.j.t.JMeterThread: Stopping: Thread Group 1-95
2021-05-05 18:38:06,712 INFO o.a.j.t.JMeterThread: Stopping: Thread Group 1-67
2021-05-05 18:38:06,712 INFO o.a.j.t.JMeterThread: Stopping: Thread Group 1-74
2021-05-05 18:38:06,712 INFO o.a.j.t.JMeterThread: Stopping: Thread Group 1-70
2021-05-05 18:38:06,713 INFO o.a.j.t.JMeterThread: Stopping: Thread Group 1-71
2021-05-05 18:38:06,713 INFO o.a.j.t.JMeterThread: Stopping: Thread Group 1-63
2021-05-05 18:38:06,713 INFO o.a.j.t.JMeterThread: Stopping: Thread Group 1-72
2021-05-05 18:38:06,713 INFO o.a.j.t.JMeterThread: Stopping: Thread Group 1-68
2021-05-05 18:38:06,713 INFO o.a.j.t.JMeterThread: Stopping: Thread Group 1-91
2021-05-05 18:38:06,713 INFO o.a.j.t.JMeterThread: Stopping: Thread Group 1-99
2021-05-05 18:38:06,713 INFO o.a.j.t.JMeterThread: Stopping: Thread Group 1-59
2021-05-05 18:38:06,713 INFO o.a.j.t.JMeterThread: Stopping: Thread Group 1-78
2021-05-05 18:38:06,714 INFO o.a.j.t.JMeterThread: Stopping: Thread Group 1-94
2021-05-05 18:38:06,714 INFO o.a.j.t.JMeterThread: Stopping: Thread Group 1-73
2021-05-05 18:38:06,714 INFO o.a.j.t.JMeterThread: Stopping: Thread Group 1-100
2021-05-05 18:38:06,714 INFO o.a.j.t.JMeterThread: Stopping: Thread Group 1-60
2021-05-05 18:38:06,714 INFO o.a.j.t.JMeterThread: Stopping: Thread Group 1-98
2021-05-05 18:38:06,714 INFO o.a.j.t.JMeterThread: Stopping: Thread Group 1-76
2021-05-05 18:38:06,714 INFO o.a.j.t.JMeterThread: Stopping: Thread Group 1-97
2021-05-05 18:38:06,714 INFO o.a.j.t.JMeterThread: Stopping: Thread Group 1-90
2021-05-05 18:38:06,714 INFO o.a.j.t.JMeterThread: Stopping: Thread Group 1-80
2021-05-05 18:38:06,714 INFO o.a.j.t.JMeterThread: Stopping: Thread Group 1-96
2021-05-05 18:38:06,714 INFO o.a.j.t.JMeterThread: Stopping: Thread Group 1-75
2021-05-05 18:38:06,714 INFO o.a.j.t.JMeterThread: Stopping: Thread Group 1-62
2021-05-05 18:38:06,714 INFO o.a.j.t.JMeterThread: Stopping: Thread Group 1-82
2021-05-05 18:38:06,714 INFO o.a.j.t.JMeterThread: Stopping: Thread Group 1-86
2021-05-05 18:38:06,714 INFO o.a.j.t.JMeterThread: Stopping: Thread Group 1-92
2021-05-05 18:38:06,954 INFO o.a.j.t.JMeterThread: Thread started: Thread Group 1-59
2021-05-05 18:38:06,955 INFO o.a.j.t.JMeterThread: Thread finished: Thread Group 1-59
2021-05-05 18:38:07,124 INFO o.a.j.t.JMeterThread: Thread is done: Thread Group 1-58
2021-05-05 18:38:07,124 INFO o.a.j.t.JMeterThread: Thread finished: Thread Group 1-58
2021-05-05 18:38:07,246 INFO o.a.j.t.JMeterThread: Thread started: Thread Group 1-66
2021-05-05 18:38:07,246 INFO o.a.j.t.JMeterThread: Thread started: Thread Group 1-71
2021-05-05 18:38:07,246 INFO o.a.j.t.JMeterThread: Thread started: Thread Group 1-89
2021-05-05 18:38:07,246 INFO o.a.j.t.JMeterThread: Thread started: Thread Group 1-64
2021-05-05 18:38:07,246 INFO o.a.j.t.JMeterThread: Thread started: Thread Group 1-76
2021-05-05 18:38:07,247 INFO o.a.j.t.JMeterThread: Thread finished: Thread Group 1-66
2021-05-05 18:38:07,247 INFO o.a.j.t.JMeterThread: Thread started: Thread Group 1-82
2021-05-05 18:38:07,247 INFO o.a.j.t.JMeterThread: Thread finished: Thread Group 1-64
2021-05-05 18:38:07,247 INFO o.a.j.t.JMeterThread: Thread finished: Thread Group 1-71
2021-05-05 18:38:07,247 INFO o.a.j.t.JMeterThread: Thread started: Thread Group 1-73
2021-05-05 18:38:07,247 INFO o.a.j.t.JMeterThread: Thread started: Thread Group 1-62
2021-05-05 18:38:07,247 INFO o.a.j.t.JMeterThread: Thread started: Thread Group 1-88
2021-05-05 18:38:07,247 INFO o.a.j.t.JMeterThread: Thread started: Thread Group 1-83
2021-05-05 18:38:07,247 INFO o.a.j.t.JMeterThread: Thread finished: Thread Group 1-88
2021-05-05 18:38:07,247 INFO o.a.j.t.JMeterThread: Thread finished: Thread Group 1-83
2021-05-05 18:38:07,247 INFO o.a.j.t.JMeterThread: Thread started: Thread Group 1-86
2021-05-05 18:38:07,247 INFO o.a.j.t.JMeterThread: Thread started: Thread Group 1-90
2021-05-05 18:38:07,247 INFO o.a.j.t.JMeterThread: Thread started: Thread Group 1-78
2021-05-05 18:38:07,247 INFO o.a.j.t.JMeterThread: Thread started: Thread Group 1-97
2021-05-05 18:38:07,247 INFO o.a.j.t.JMeterThread: Thread started: Thread Group 1-92
2021-05-05 18:38:07,247 INFO o.a.j.t.JMeterThread: Thread started: Thread Group 1-87
2021-05-05 18:38:07,248 INFO o.a.j.t.JMeterThread: Thread finished: Thread Group 1-78
2021-05-05 18:38:07,248 INFO o.a.j.t.JMeterThread: Thread finished: Thread Group 1-87
2021-05-05 18:38:07,248 INFO o.a.j.t.JMeterThread: Thread finished: Thread Group 1-97
2021-05-05 18:38:07,248 INFO o.a.j.t.JMeterThread: Thread started: Thread Group 1-80
2021-05-05 18:38:07,248 INFO o.a.j.t.JMeterThread: Thread started: Thread Group 1-100
2021-05-05 18:38:07,248 INFO o.a.j.t.JMeterThread: Thread started: Thread Group 1-98
2021-05-05 18:38:07,248 INFO o.a.j.t.JMeterThread: Thread started: Thread Group 1-77
2021-05-05 18:38:07,246 INFO o.a.j.t.JMeterThread: Thread started: Thread Group 1-93
2021-05-05 18:38:07,246 INFO o.a.j.t.JMeterThread: Thread started: Thread Group 1-61
2021-05-05 18:38:07,248 INFO o.a.j.t.JMeterThread: Thread started: Thread Group 1-74
2021-05-05 18:38:07,246 INFO o.a.j.t.JMeterThread: Thread started: Thread Group 1-91
2021-05-05 18:38:07,248 INFO o.a.j.t.JMeterThread: Thread finished: Thread Group 1-98
2021-05-05 18:38:07,248 INFO o.a.j.t.JMeterThread: Thread finished: Thread Group 1-77
2021-05-05 18:38:07,248 INFO o.a.j.t.JMeterThread: Thread finished: Thread Group 1-93
2021-05-05 18:38:07,248 INFO o.a.j.t.JMeterThread: Thread started: Thread Group 1-69
2021-05-05 18:38:07,246 INFO o.a.j.t.JMeterThread: Thread started: Thread Group 1-72
2021-05-05 18:38:07,248 INFO o.a.j.t.JMeterThread: Thread started: Thread Group 1-96
2021-05-05 18:38:07,248 INFO o.a.j.t.JMeterThread: Thread finished: Thread Group 1-69
2021-05-05 18:38:07,248 INFO o.a.j.t.JMeterThread: Thread finished: Thread Group 1-72
2021-05-05 18:38:07,248 INFO o.a.j.t.JMeterThread: Thread finished: Thread Group 1-96
2021-05-05 18:38:07,246 INFO o.a.j.t.JMeterThread: Thread started: Thread Group 1-67
2021-05-05 18:38:07,246 INFO o.a.j.t.JMeterThread: Thread started: Thread Group 1-63
2021-05-05 18:38:07,249 INFO o.a.j.t.JMeterThread: Thread finished: Thread Group 1-67
2021-05-05 18:38:07,246 INFO o.a.j.t.JMeterThread: Thread started: Thread Group 1-70
2021-05-05 18:38:07,248 INFO o.a.j.t.JMeterThread: Thread finished: Thread Group 1-61
2021-05-05 18:38:07,248 INFO o.a.j.t.JMeterThread: Thread finished: Thread Group 1-74
2021-05-05 18:38:07,246 INFO o.a.j.t.JMeterThread: Thread started: Thread Group 1-94
2021-05-05 18:38:07,248 INFO o.a.j.t.JMeterThread: Thread finished: Thread Group 1-100
2021-05-05 18:38:07,249 INFO o.a.j.t.JMeterThread: Thread finished: Thread Group 1-70
2021-05-05 18:38:07,248 INFO o.a.j.t.JMeterThread: Thread finished: Thread Group 1-80
2021-05-05 18:38:07,246 INFO o.a.j.t.JMeterThread: Thread started: Thread Group 1-68
2021-05-05 18:38:07,246 INFO o.a.j.t.JMeterThread: Thread started: Thread Group 1-65
2021-05-05 18:38:07,249 INFO o.a.j.t.JMeterThread: Thread finished: Thread Group 1-91
2021-05-05 18:38:07,249 INFO o.a.j.t.JMeterThread: Thread finished: Thread Group 1-94
2021-05-05 18:38:07,248 INFO o.a.j.t.JMeterThread: Thread finished: Thread Group 1-92
2021-05-05 18:38:07,247 INFO o.a.j.t.JMeterThread: Thread started: Thread Group 1-95
2021-05-05 18:38:07,249 INFO o.a.j.t.JMeterThread: Thread finished: Thread Group 1-68
2021-05-05 18:38:07,247 INFO o.a.j.t.JMeterThread: Thread finished: Thread Group 1-86
2021-05-05 18:38:07,247 INFO o.a.j.t.JMeterThread: Thread started: Thread Group 1-99
2021-05-05 18:38:07,250 INFO o.a.j.t.JMeterThread: Thread finished: Thread Group 1-95
2021-05-05 18:38:07,250 INFO o.a.j.t.JMeterThread: Thread finished: Thread Group 1-90
2021-05-05 18:38:07,250 INFO o.a.j.t.JMeterThread: Thread finished: Thread Group 1-99
2021-05-05 18:38:07,247 INFO o.a.j.t.JMeterThread: Thread finished: Thread Group 1-73
2021-05-05 18:38:07,247 INFO o.a.j.t.JMeterThread: Thread finished: Thread Group 1-62
2021-05-05 18:38:07,247 INFO o.a.j.t.JMeterThread: Thread started: Thread Group 1-75
2021-05-05 18:38:07,247 INFO o.a.j.t.JMeterThread: Thread started: Thread Group 1-85
2021-05-05 18:38:07,247 INFO o.a.j.t.JMeterThread: Thread started: Thread Group 1-79
2021-05-05 18:38:07,247 INFO o.a.j.t.JMeterThread: Thread finished: Thread Group 1-82
2021-05-05 18:38:07,250 INFO o.a.j.t.JMeterThread: Thread finished: Thread Group 1-75
2021-05-05 18:38:07,250 INFO o.a.j.t.JMeterThread: Thread finished: Thread Group 1-85
2021-05-05 18:38:07,247 INFO o.a.j.t.JMeterThread: Thread started: Thread Group 1-81
2021-05-05 18:38:07,247 INFO o.a.j.t.JMeterThread: Thread started: Thread Group 1-60
2021-05-05 18:38:07,250 INFO o.a.j.t.JMeterThread: Thread finished: Thread Group 1-81
2021-05-05 18:38:07,250 INFO o.a.j.t.JMeterThread: Thread finished: Thread Group 1-60
2021-05-05 18:38:07,246 INFO o.a.j.t.JMeterThread: Thread started: Thread Group 1-84
2021-05-05 18:38:07,250 INFO o.a.j.t.JMeterThread: Thread finished: Thread Group 1-89
2021-05-05 18:38:07,250 INFO o.a.j.t.JMeterThread: Thread finished: Thread Group 1-76
2021-05-05 18:38:07,250 INFO o.a.j.t.JMeterThread: Thread finished: Thread Group 1-79
2021-05-05 18:38:07,249 INFO o.a.j.t.JMeterThread: Thread finished: Thread Group 1-65
2021-05-05 18:38:07,249 INFO o.a.j.t.JMeterThread: Thread finished: Thread Group 1-63
2021-05-05 18:38:07,251 INFO o.a.j.t.JMeterThread: Thread finished: Thread Group 1-84
2021-05-05 18:38:07,251 INFO o.a.j.e.StandardJMeterEngine: Notifying test listeners of end of test
2021-05-05 18:38:07,251 INFO o.a.j.s.FileServer: Close: /Users/prashantapaudel/csv/beta-urls.csv
2021-05-05 18:38:07,254 INFO o.a.j.g.u.JMeterMenuBar: setRunning(false, *local*)
2021-05-05 18:38:11,534 INFO o.a.j.e.StandardJMeterEngine: Running the test!
2021-05-05 18:38:11,534 INFO o.a.j.s.SampleEvent: List of sample_variables: []
2021-05-05 18:38:11,535 INFO o.a.j.g.u.JMeterMenuBar: setRunning(true, *local*)
2021-05-05 18:38:11,586 INFO o.a.j.e.StandardJMeterEngine: Starting ThreadGroup: 1 : Thread Group
2021-05-05 18:38:11,586 INFO o.a.j.e.StandardJMeterEngine: Starting 100 threads for group Thread Group.
2021-05-05 18:38:11,586 INFO o.a.j.e.StandardJMeterEngine: Thread will continue on error
2021-05-05 18:38:11,586 INFO o.a.j.t.ThreadGroup: Starting thread group... number=1 threads=100 ramp-up=60 delayedStart=false
2021-05-05 18:38:11,588 INFO o.a.j.t.JMeterThread: Thread started: Thread Group 1-1
2021-05-05 18:38:11,588 INFO o.a.j.s.FileServer: Stored: /Users/prashantapaudel/csv/beta-urls.csv
2021-05-05 18:38:11,611 INFO o.a.j.t.ThreadGroup: Started thread group number 1
2021-05-05 18:38:11,611 INFO o.a.j.e.StandardJMeterEngine: All thread groups have been started
2021-05-05 18:38:12,188 INFO o.a.j.t.JMeterThread: Thread started: Thread Group 1-2
2021-05-05 18:38:12,724 INFO o.a.j.t.JMeterThread: Thread is done: Thread Group 1-1
2021-05-05 18:38:12,725 INFO o.a.j.t.JMeterThread: Thread finished: Thread Group 1-1
2021-05-05 18:38:12,790 INFO o.a.j.t.JMeterThread: Thread started: Thread Group 1-3
2021-05-05 18:38:13,390 INFO o.a.j.t.JMeterThread: Thread started: Thread Group 1-4
2021-05-05 18:38:13,607 INFO o.a.j.t.JMeterThread: Thread is done: Thread Group 1-2
2021-05-05 18:38:13,607 INFO o.a.j.t.JMeterThread: Thread finished: Thread Group 1-2
2021-05-05 18:38:13,903 INFO o.a.j.t.JMeterThread: Thread is done: Thread Group 1-3
2021-05-05 18:38:13,903 INFO o.a.j.t.JMeterThread: Thread finished: Thread Group 1-3
2021-05-05 18:38:13,991 INFO o.a.j.t.JMeterThread: Thread started: Thread Group 1-5
2021-05-05 18:38:14,261 INFO o.a.j.t.JMeterThread: Thread is done: Thread Group 1-4
2021-05-05 18:38:14,261 INFO o.a.j.t.JMeterThread: Thread finished: Thread Group 1-4
2021-05-05 18:38:14,591 INFO o.a.j.t.JMeterThread: Thread started: Thread Group 1-6
2021-05-05 18:38:14,838 INFO o.a.j.t.JMeterThread: Thread is done: Thread Group 1-5
2021-05-05 18:38:14,838 INFO o.a.j.t.JMeterThread: Thread finished: Thread Group 1-5
2021-05-05 18:38:14,955 INFO o.a.j.t.JMeterThread: Thread is done: Thread Group 1-6
2021-05-05 18:38:14,955 INFO o.a.j.t.JMeterThread: Thread finished: Thread Group 1-6
2021-05-05 18:38:15,192 INFO o.a.j.t.JMeterThread: Thread started: Thread Group 1-7
2021-05-05 18:38:15,792 INFO o.a.j.t.JMeterThread: Thread started: Thread Group 1-8
2021-05-05 18:38:16,211 INFO o.a.j.t.JMeterThread: Thread is done: Thread Group 1-7
2021-05-05 18:38:16,211 INFO o.a.j.t.JMeterThread: Thread finished: Thread Group 1-7
2021-05-05 18:38:16,392 INFO o.a.j.t.JMeterThread: Thread started: Thread Group 1-9
2021-05-05 18:38:16,756 INFO o.a.j.t.JMeterThread: Thread is done: Thread Group 1-8
2021-05-05 18:38:16,756 INFO o.a.j.t.JMeterThread: Thread finished: Thread Group 1-8
2021-05-05 18:38:16,993 INFO o.a.j.t.JMeterThread: Thread started: Thread Group 1-10
2021-05-05 18:38:17,086 INFO o.a.j.t.JMeterThread: Thread is done: Thread Group 1-9
2021-05-05 18:38:17,086 INFO o.a.j.t.JMeterThread: Thread finished: Thread Group 1-9
2021-05-05 18:38:17,588 INFO o.a.j.t.JMeterThread: Thread started: Thread Group 1-11
2021-05-05 18:38:18,039 INFO o.a.j.t.JMeterThread: Thread is done: Thread Group 1-10
2021-05-05 18:38:18,039 INFO o.a.j.t.JMeterThread: Thread finished: Thread Group 1-10
2021-05-05 18:38:18,189 INFO o.a.j.t.JMeterThread: Thread started: Thread Group 1-12
2021-05-05 18:38:18,620 INFO o.a.j.t.JMeterThread: Thread is done: Thread Group 1-12
2021-05-05 18:38:18,620 INFO o.a.j.t.JMeterThread: Thread finished: Thread Group 1-12
2021-05-05 18:38:18,791 INFO o.a.j.t.JMeterThread: Thread started: Thread Group 1-13
2021-05-05 18:38:19,393 INFO o.a.j.t.JMeterThread: Thread started: Thread Group 1-14
2021-05-05 18:38:19,993 INFO o.a.j.t.JMeterThread: Thread started: Thread Group 1-15
2021-05-05 18:38:19,999 INFO o.a.j.t.JMeterThread: Thread is done: Thread Group 1-14
2021-05-05 18:38:19,999 INFO o.a.j.t.JMeterThread: Thread finished: Thread Group 1-14
2021-05-05 18:38:20,287 INFO o.a.j.t.JMeterThread: Thread is done: Thread Group 1-13
2021-05-05 18:38:20,287 INFO o.a.j.t.JMeterThread: Thread finished: Thread Group 1-13
2021-05-05 18:38:20,376 INFO o.a.j.t.JMeterThread: Thread is done: Thread Group 1-11
2021-05-05 18:38:20,377 INFO o.a.j.t.JMeterThread: Thread finished: Thread Group 1-11
2021-05-05 18:38:20,587 INFO o.a.j.t.JMeterThread: Thread started: Thread Group 1-16
2021-05-05 18:38:20,725 INFO o.a.j.t.JMeterThread: Thread is done: Thread Group 1-15
2021-05-05 18:38:20,725 INFO o.a.j.t.JMeterThread: Thread finished: Thread Group 1-15
2021-05-05 18:38:20,908 INFO o.a.j.t.JMeterThread: Thread is done: Thread Group 1-16
2021-05-05 18:38:20,908 INFO o.a.j.t.JMeterThread: Thread finished: Thread Group 1-16
2021-05-05 18:38:21,192 INFO o.a.j.t.JMeterThread: Thread started: Thread Group 1-17
2021-05-05 18:38:21,406 INFO o.a.j.t.JMeterThread: Thread is done: Thread Group 1-17
2021-05-05 18:38:21,406 INFO o.a.j.t.JMeterThread: Thread finished: Thread Group 1-17
2021-05-05 18:38:21,789 INFO o.a.j.t.JMeterThread: Thread started: Thread Group 1-18
2021-05-05 18:38:22,236 INFO o.a.j.t.JMeterThread: Thread is done: Thread Group 1-18
2021-05-05 18:38:22,236 INFO o.a.j.t.JMeterThread: Thread finished: Thread Group 1-18
2021-05-05 18:38:22,389 INFO o.a.j.t.JMeterThread: Thread started: Thread Group 1-19
2021-05-05 18:38:22,694 INFO o.a.j.t.JMeterThread: Thread is done: Thread Group 1-19
2021-05-05 18:38:22,694 INFO o.a.j.t.JMeterThread: Thread finished: Thread Group 1-19
2021-05-05 18:38:22,989 INFO o.a.j.t.JMeterThread: Thread started: Thread Group 1-20
2021-05-05 18:38:23,266 INFO o.a.j.t.JMeterThread: Thread is done: Thread Group 1-20
2021-05-05 18:38:23,266 INFO o.a.j.t.JMeterThread: Thread finished: Thread Group 1-20
2021-05-05 18:38:23,589 INFO o.a.j.t.JMeterThread: Thread started: Thread Group 1-21
2021-05-05 18:38:23,741 INFO o.a.j.t.JMeterThread: Thread is done: Thread Group 1-21
2021-05-05 18:38:23,741 INFO o.a.j.t.JMeterThread: Thread finished: Thread Group 1-21
2021-05-05 18:38:24,188 INFO o.a.j.t.JMeterThread: Thread started: Thread Group 1-22
2021-05-05 18:38:24,348 INFO o.a.j.t.JMeterThread: Thread is done: Thread Group 1-22
2021-05-05 18:38:24,349 INFO o.a.j.t.JMeterThread: Thread finished: Thread Group 1-22
2021-05-05 18:38:24,793 INFO o.a.j.t.JMeterThread: Thread started: Thread Group 1-23
2021-05-05 18:38:25,005 INFO o.a.j.t.JMeterThread: Thread is done: Thread Group 1-23
2021-05-05 18:38:25,006 INFO o.a.j.t.JMeterThread: Thread finished: Thread Group 1-23
2021-05-05 18:38:25,388 INFO o.a.j.t.JMeterThread: Thread started: Thread Group 1-24
2021-05-05 18:38:25,687 INFO o.a.j.t.JMeterThread: Thread is done: Thread Group 1-24
2021-05-05 18:38:25,687 INFO o.a.j.t.JMeterThread: Thread finished: Thread Group 1-24
2021-05-05 18:38:25,989 INFO o.a.j.t.JMeterThread: Thread started: Thread Group 1-25
2021-05-05 18:38:26,188 INFO o.a.j.t.JMeterThread: Thread is done: Thread Group 1-25
2021-05-05 18:38:26,188 INFO o.a.j.t.JMeterThread: Thread finished: Thread Group 1-25
2021-05-05 18:38:26,589 INFO o.a.j.t.JMeterThread: Thread started: Thread Group 1-26
2021-05-05 18:38:26,830 INFO o.a.j.t.JMeterThread: Thread is done: Thread Group 1-26
2021-05-05 18:38:26,830 INFO o.a.j.t.JMeterThread: Thread finished: Thread Group 1-26
2021-05-05 18:38:27,190 INFO o.a.j.t.JMeterThread: Thread started: Thread Group 1-27
2021-05-05 18:38:27,715 INFO o.a.j.t.JMeterThread: Thread is done: Thread Group 1-27
2021-05-05 18:38:27,715 INFO o.a.j.t.JMeterThread: Thread finished: Thread Group 1-27
2021-05-05 18:38:27,787 INFO o.a.j.t.JMeterThread: Thread started: Thread Group 1-28
2021-05-05 18:38:28,267 INFO o.a.j.t.JMeterThread: Thread is done: Thread Group 1-28
2021-05-05 18:38:28,267 INFO o.a.j.t.JMeterThread: Thread finished: Thread Group 1-28
2021-05-05 18:38:28,390 INFO o.a.j.t.JMeterThread: Thread started: Thread Group 1-29
2021-05-05 18:38:28,992 INFO o.a.j.t.JMeterThread: Thread started: Thread Group 1-30
2021-05-05 18:38:29,087 INFO o.a.j.t.JMeterThread: Thread is done: Thread Group 1-29
2021-05-05 18:38:29,087 INFO o.a.j.t.JMeterThread: Thread finished: Thread Group 1-29
2021-05-05 18:38:29,591 INFO o.a.j.t.JMeterThread: Thread started: Thread Group 1-31
2021-05-05 18:38:30,109 INFO o.a.j.t.JMeterThread: Thread is done: Thread Group 1-31
2021-05-05 18:38:30,109 INFO o.a.j.t.JMeterThread: Thread finished: Thread Group 1-31
2021-05-05 18:38:30,188 INFO o.a.j.t.JMeterThread: Thread started: Thread Group 1-32
2021-05-05 18:38:30,287 INFO o.a.j.t.JMeterThread: Thread is done: Thread Group 1-30
2021-05-05 18:38:30,287 INFO o.a.j.t.JMeterThread: Thread finished: Thread Group 1-30
2021-05-05 18:38:30,712 INFO o.a.j.t.JMeterThread: Thread is done: Thread Group 1-32
2021-05-05 18:38:30,712 INFO o.a.j.t.JMeterThread: Thread finished: Thread Group 1-32
2021-05-05 18:38:30,790 INFO o.a.j.t.JMeterThread: Thread started: Thread Group 1-33
2021-05-05 18:38:30,962 INFO o.a.j.t.JMeterThread: Thread is done: Thread Group 1-33
2021-05-05 18:38:30,962 INFO o.a.j.t.JMeterThread: Thread finished: Thread Group 1-33
2021-05-05 18:38:31,390 INFO o.a.j.t.JMeterThread: Thread started: Thread Group 1-34
2021-05-05 18:38:31,742 INFO o.a.j.t.JMeterThread: Thread is done: Thread Group 1-34
2021-05-05 18:38:31,742 INFO o.a.j.t.JMeterThread: Thread finished: Thread Group 1-34
2021-05-05 18:38:31,989 INFO o.a.j.t.JMeterThread: Thread started: Thread Group 1-35
2021-05-05 18:38:32,210 INFO o.a.j.t.JMeterThread: Thread is done: Thread Group 1-35
2021-05-05 18:38:32,210 INFO o.a.j.t.JMeterThread: Thread finished: Thread Group 1-35
2021-05-05 18:38:32,591 INFO o.a.j.t.JMeterThread: Thread started: Thread Group 1-36
2021-05-05 18:38:32,772 INFO o.a.j.t.JMeterThread: Thread is done: Thread Group 1-36
2021-05-05 18:38:32,772 INFO o.a.j.t.JMeterThread: Thread finished: Thread Group 1-36
2021-05-05 18:38:33,193 INFO o.a.j.t.JMeterThread: Thread started: Thread Group 1-37
2021-05-05 18:38:33,373 INFO o.a.j.t.JMeterThread: Thread is done: Thread Group 1-37
2021-05-05 18:38:33,374 INFO o.a.j.t.JMeterThread: Thread finished: Thread Group 1-37
2021-05-05 18:38:33,794 INFO o.a.j.t.JMeterThread: Thread started: Thread Group 1-38
2021-05-05 18:38:33,965 INFO o.a.j.t.JMeterThread: Thread is done: Thread Group 1-38
2021-05-05 18:38:33,965 INFO o.a.j.t.JMeterThread: Thread finished: Thread Group 1-38
2021-05-05 18:38:34,392 INFO o.a.j.t.JMeterThread: Thread started: Thread Group 1-39
2021-05-05 18:38:34,561 INFO o.a.j.t.JMeterThread: Thread is done: Thread Group 1-39
2021-05-05 18:38:34,561 INFO o.a.j.t.JMeterThread: Thread finished: Thread Group 1-39
2021-05-05 18:38:34,990 INFO o.a.j.t.JMeterThread: Thread started: Thread Group 1-40
2021-05-05 18:38:35,331 INFO o.a.j.t.JMeterThread: Thread is done: Thread Group 1-40
2021-05-05 18:38:35,331 INFO o.a.j.t.JMeterThread: Thread finished: Thread Group 1-40
2021-05-05 18:38:35,591 INFO o.a.j.t.JMeterThread: Thread started: Thread Group 1-41
2021-05-05 18:38:36,187 INFO o.a.j.t.JMeterThread: Thread started: Thread Group 1-42
2021-05-05 18:38:36,725 INFO o.a.j.t.JMeterThread: Thread is done: Thread Group 1-41
2021-05-05 18:38:36,726 INFO o.a.j.t.JMeterThread: Thread finished: Thread Group 1-41
2021-05-05 18:38:36,780 INFO o.a.j.t.JMeterThread: Thread is done: Thread Group 1-42
2021-05-05 18:38:36,780 INFO o.a.j.t.JMeterThread: Thread finished: Thread Group 1-42
2021-05-05 18:38:36,792 INFO o.a.j.t.JMeterThread: Thread started: Thread Group 1-43
2021-05-05 18:38:37,006 INFO o.a.j.t.JMeterThread: Thread is done: Thread Group 1-43
2021-05-05 18:38:37,006 INFO o.a.j.t.JMeterThread: Thread finished: Thread Group 1-43
2021-05-05 18:38:37,394 INFO o.a.j.t.JMeterThread: Thread started: Thread Group 1-44
2021-05-05 18:38:37,554 INFO o.a.j.t.JMeterThread: Thread is done: Thread Group 1-44
2021-05-05 18:38:37,555 INFO o.a.j.t.JMeterThread: Thread finished: Thread Group 1-44
2021-05-05 18:38:37,992 INFO o.a.j.t.JMeterThread: Thread started: Thread Group 1-45
2021-05-05 18:38:38,169 INFO o.a.j.t.JMeterThread: Thread is done: Thread Group 1-45
2021-05-05 18:38:38,170 INFO o.a.j.t.JMeterThread: Thread finished: Thread Group 1-45
2021-05-05 18:38:38,590 INFO o.a.j.t.JMeterThread: Thread started: Thread Group 1-46
2021-05-05 18:38:38,795 INFO o.a.j.t.JMeterThread: Thread is done: Thread Group 1-46
2021-05-05 18:38:38,795 INFO o.a.j.t.JMeterThread: Thread finished: Thread Group 1-46
2021-05-05 18:38:39,190 INFO o.a.j.t.JMeterThread: Thread started: Thread Group 1-47
2021-05-05 18:38:39,587 INFO o.a.j.t.JMeterThread: Thread is done: Thread Group 1-47
2021-05-05 18:38:39,587 INFO o.a.j.t.JMeterThread: Thread finished: Thread Group 1-47
2021-05-05 18:38:39,788 INFO o.a.j.t.JMeterThread: Thread started: Thread Group 1-48
2021-05-05 18:38:39,966 INFO o.a.j.t.JMeterThread: Thread is done: Thread Group 1-48
2021-05-05 18:38:39,966 INFO o.a.j.t.JMeterThread: Thread finished: Thread Group 1-48
2021-05-05 18:38:40,392 INFO o.a.j.t.JMeterThread: Thread started: Thread Group 1-49
2021-05-05 18:38:40,962 INFO o.a.j.t.JMeterThread: Thread is done: Thread Group 1-49
2021-05-05 18:38:40,962 INFO o.a.j.t.JMeterThread: Thread finished: Thread Group 1-49
2021-05-05 18:38:40,990 INFO o.a.j.t.JMeterThread: Thread started: Thread Group 1-50
2021-05-05 18:38:41,185 INFO o.a.j.t.JMeterThread: Thread is done: Thread Group 1-50
2021-05-05 18:38:41,185 INFO o.a.j.t.JMeterThread: Thread finished: Thread Group 1-50
2021-05-05 18:38:41,591 INFO o.a.j.t.JMeterThread: Thread started: Thread Group 1-51
2021-05-05 18:38:41,763 INFO o.a.j.t.JMeterThread: Thread is done: Thread Group 1-51
2021-05-05 18:38:41,763 INFO o.a.j.t.JMeterThread: Thread finished: Thread Group 1-51
2021-05-05 18:38:42,189 INFO o.a.j.t.JMeterThread: Thread started: Thread Group 1-52
2021-05-05 18:38:42,344 INFO o.a.j.t.JMeterThread: Thread is done: Thread Group 1-52
2021-05-05 18:38:42,344 INFO o.a.j.t.JMeterThread: Thread finished: Thread Group 1-52
2021-05-05 18:38:42,788 INFO o.a.j.t.JMeterThread: Thread started: Thread Group 1-53
2021-05-05 18:38:42,942 INFO o.a.j.t.JMeterThread: Thread is done: Thread Group 1-53
2021-05-05 18:38:42,942 INFO o.a.j.t.JMeterThread: Thread finished: Thread Group 1-53
2021-05-05 18:38:43,390 INFO o.a.j.t.JMeterThread: Thread started: Thread Group 1-54
2021-05-05 18:38:43,548 INFO o.a.j.t.JMeterThread: Thread is done: Thread Group 1-54
2021-05-05 18:38:43,549 INFO o.a.j.t.JMeterThread: Thread finished: Thread Group 1-54
2021-05-05 18:38:43,990 INFO o.a.j.t.JMeterThread: Thread started: Thread Group 1-55
2021-05-05 18:38:44,188 INFO o.a.j.t.JMeterThread: Thread is done: Thread Group 1-55
2021-05-05 18:38:44,188 INFO o.a.j.t.JMeterThread: Thread finished: Thread Group 1-55
2021-05-05 18:38:44,591 INFO o.a.j.t.JMeterThread: Thread started: Thread Group 1-56
2021-05-05 18:38:45,192 INFO o.a.j.t.JMeterThread: Thread started: Thread Group 1-57
2021-05-05 18:38:45,272 INFO o.a.j.t.JMeterThread: Thread is done: Thread Group 1-56
2021-05-05 18:38:45,272 INFO o.a.j.t.JMeterThread: Thread finished: Thread Group 1-56
2021-05-05 18:38:45,387 INFO o.a.j.t.JMeterThread: Thread is done: Thread Group 1-57
2021-05-05 18:38:45,387 INFO o.a.j.t.JMeterThread: Thread finished: Thread Group 1-57
2021-05-05 18:38:45,793 INFO o.a.j.t.JMeterThread: Thread started: Thread Group 1-58
2021-05-05 18:38:46,389 INFO o.a.j.t.JMeterThread: Thread started: Thread Group 1-59
2021-05-05 18:38:46,391 INFO o.a.j.t.JMeterThread: Thread is done: Thread Group 1-58
2021-05-05 18:38:46,392 INFO o.a.j.t.JMeterThread: Thread finished: Thread Group 1-58
2021-05-05 18:38:46,988 INFO o.a.j.t.JMeterThread: Thread started: Thread Group 1-60
2021-05-05 18:38:47,278 INFO o.a.j.t.JMeterThread: Thread is done: Thread Group 1-59
2021-05-05 18:38:47,278 INFO o.a.j.t.JMeterThread: Thread finished: Thread Group 1-59
2021-05-05 18:38:47,579 INFO o.a.j.t.JMeterThread: Thread is done: Thread Group 1-60
2021-05-05 18:38:47,580 INFO o.a.j.t.JMeterThread: Thread finished: Thread Group 1-60
2021-05-05 18:38:47,590 INFO o.a.j.t.JMeterThread: Thread started: Thread Group 1-61
2021-05-05 18:38:48,175 INFO o.a.j.t.JMeterThread: Thread is done: Thread Group 1-61
2021-05-05 18:38:48,175 INFO o.a.j.t.JMeterThread: Thread finished: Thread Group 1-61
2021-05-05 18:38:48,190 INFO o.a.j.t.JMeterThread: Thread started: Thread Group 1-62
2021-05-05 18:38:48,788 INFO o.a.j.t.JMeterThread: Thread started: Thread Group 1-63
2021-05-05 18:38:48,798 INFO o.a.j.t.JMeterThread: Thread is done: Thread Group 1-62
2021-05-05 18:38:48,798 INFO o.a.j.t.JMeterThread: Thread finished: Thread Group 1-62
2021-05-05 18:38:49,367 INFO o.a.j.t.JMeterThread: Thread is done: Thread Group 1-63
2021-05-05 18:38:49,367 INFO o.a.j.t.JMeterThread: Thread finished: Thread Group 1-63
2021-05-05 18:38:49,389 INFO o.a.j.t.JMeterThread: Thread started: Thread Group 1-64
2021-05-05 18:38:49,992 INFO o.a.j.t.JMeterThread: Thread started: Thread Group 1-65
2021-05-05 18:38:50,011 INFO o.a.j.t.JMeterThread: Thread is done: Thread Group 1-64
2021-05-05 18:38:50,011 INFO o.a.j.t.JMeterThread: Thread finished: Thread Group 1-64
2021-05-05 18:38:50,591 INFO o.a.j.t.JMeterThread: Thread started: Thread Group 1-66
2021-05-05 18:38:50,870 INFO o.a.j.t.JMeterThread: Thread is done: Thread Group 1-65
2021-05-05 18:38:50,870 INFO o.a.j.t.JMeterThread: Thread finished: Thread Group 1-65
2021-05-05 18:38:51,192 INFO o.a.j.t.JMeterThread: Thread started: Thread Group 1-67
2021-05-05 18:38:51,273 INFO o.a.j.t.JMeterThread: Thread is done: Thread Group 1-66
2021-05-05 18:38:51,273 INFO o.a.j.t.JMeterThread: Thread finished: Thread Group 1-66
2021-05-05 18:38:51,781 INFO o.a.j.t.JMeterThread: Thread is done: Thread Group 1-67
2021-05-05 18:38:51,781 INFO o.a.j.t.JMeterThread: Thread finished: Thread Group 1-67
2021-05-05 18:38:51,793 INFO o.a.j.t.JMeterThread: Thread started: Thread Group 1-68
2021-05-05 18:38:52,391 INFO o.a.j.t.JMeterThread: Thread started: Thread Group 1-69
2021-05-05 18:38:52,442 INFO o.a.j.t.JMeterThread: Thread is done: Thread Group 1-68
2021-05-05 18:38:52,443 INFO o.a.j.t.JMeterThread: Thread finished: Thread Group 1-68
2021-05-05 18:38:52,982 INFO o.a.j.t.JMeterThread: Thread is done: Thread Group 1-69
2021-05-05 18:38:52,982 INFO o.a.j.t.JMeterThread: Thread finished: Thread Group 1-69
2021-05-05 18:38:52,989 INFO o.a.j.t.JMeterThread: Thread started: Thread Group 1-70
2021-05-05 18:38:53,592 INFO o.a.j.t.JMeterThread: Thread started: Thread Group 1-71
2021-05-05 18:38:53,670 INFO o.a.j.t.JMeterThread: Thread is done: Thread Group 1-70
2021-05-05 18:38:53,670 INFO o.a.j.t.JMeterThread: Thread finished: Thread Group 1-70
2021-05-05 18:38:54,188 INFO o.a.j.t.JMeterThread: Thread started: Thread Group 1-72
2021-05-05 18:38:54,241 INFO o.a.j.t.JMeterThread: Thread is done: Thread Group 1-71
2021-05-05 18:38:54,241 INFO o.a.j.t.JMeterThread: Thread finished: Thread Group 1-71
2021-05-05 18:38:54,788 INFO o.a.j.t.JMeterThread: Thread started: Thread Group 1-73
2021-05-05 18:38:54,789 INFO o.a.j.t.JMeterThread: Thread is done: Thread Group 1-72
2021-05-05 18:38:54,789 INFO o.a.j.t.JMeterThread: Thread finished: Thread Group 1-72
2021-05-05 18:38:55,391 INFO o.a.j.t.JMeterThread: Thread started: Thread Group 1-74
2021-05-05 18:38:55,403 INFO o.a.j.t.JMeterThread: Thread is done: Thread Group 1-73
2021-05-05 18:38:55,403 INFO o.a.j.t.JMeterThread: Thread finished: Thread Group 1-73
2021-05-05 18:38:55,992 INFO o.a.j.t.JMeterThread: Thread started: Thread Group 1-75
2021-05-05 18:38:56,016 INFO o.a.j.t.JMeterThread: Thread is done: Thread Group 1-74
2021-05-05 18:38:56,016 INFO o.a.j.t.JMeterThread: Thread finished: Thread Group 1-74
2021-05-05 18:38:56,590 INFO o.a.j.t.JMeterThread: Thread started: Thread Group 1-76
2021-05-05 18:38:56,652 INFO o.a.j.t.JMeterThread: Thread is done: Thread Group 1-75
2021-05-05 18:38:56,653 INFO o.a.j.t.JMeterThread: Thread finished: Thread Group 1-75
2021-05-05 18:38:57,193 INFO o.a.j.t.JMeterThread: Thread started: Thread Group 1-77
2021-05-05 18:38:57,638 INFO o.a.j.t.JMeterThread: Thread is done: Thread Group 1-76
2021-05-05 18:38:57,638 INFO o.a.j.t.JMeterThread: Thread finished: Thread Group 1-76
2021-05-05 18:38:57,793 INFO o.a.j.t.JMeterThread: Thread started: Thread Group 1-78
2021-05-05 18:38:58,389 INFO o.a.j.t.JMeterThread: Thread started: Thread Group 1-79
2021-05-05 18:38:58,934 INFO o.a.j.t.JMeterThread: Thread is done: Thread Group 1-77
2021-05-05 18:38:58,934 INFO o.a.j.t.JMeterThread: Thread finished: Thread Group 1-77
2021-05-05 18:38:58,992 INFO o.a.j.t.JMeterThread: Thread started: Thread Group 1-80
2021-05-05 18:38:59,442 INFO o.a.j.t.JMeterThread: Thread is done: Thread Group 1-78
2021-05-05 18:38:59,442 INFO o.a.j.t.JMeterThread: Thread finished: Thread Group 1-78
2021-05-05 18:38:59,587 INFO o.a.j.t.JMeterThread: Thread started: Thread Group 1-81
2021-05-05 18:38:59,875 INFO o.a.j.t.JMeterThread: Thread is done: Thread Group 1-79
2021-05-05 18:38:59,875 INFO o.a.j.t.JMeterThread: Thread finished: Thread Group 1-79
2021-05-05 18:39:00,187 INFO o.a.j.t.JMeterThread: Thread started: Thread Group 1-82
2021-05-05 18:39:00,715 INFO o.a.j.t.JMeterThread: Thread is done: Thread Group 1-80
2021-05-05 18:39:00,715 INFO o.a.j.t.JMeterThread: Thread finished: Thread Group 1-80
2021-05-05 18:39:00,756 INFO o.a.j.t.JMeterThread: Thread is done: Thread Group 1-81
2021-05-05 18:39:00,756 INFO o.a.j.t.JMeterThread: Thread finished: Thread Group 1-81
2021-05-05 18:39:00,789 INFO o.a.j.t.JMeterThread: Thread started: Thread Group 1-83
2021-05-05 18:39:01,389 INFO o.a.j.t.JMeterThread: Thread started: Thread Group 1-84
2021-05-05 18:39:01,465 INFO o.a.j.t.JMeterThread: Thread is done: Thread Group 1-82
2021-05-05 18:39:01,465 INFO o.a.j.t.JMeterThread: Thread finished: Thread Group 1-82
2021-05-05 18:39:01,993 INFO o.a.j.t.JMeterThread: Thread started: Thread Group 1-85
2021-05-05 18:39:02,036 INFO o.a.j.t.JMeterThread: Thread is done: Thread Group 1-83
2021-05-05 18:39:02,036 INFO o.a.j.t.JMeterThread: Thread finished: Thread Group 1-83
2021-05-05 18:39:02,351 INFO o.a.j.t.JMeterThread: Thread is done: Thread Group 1-84
2021-05-05 18:39:02,351 INFO o.a.j.t.JMeterThread: Thread finished: Thread Group 1-84
2021-05-05 18:39:02,588 INFO o.a.j.t.JMeterThread: Thread started: Thread Group 1-86
2021-05-05 18:39:02,634 INFO o.a.j.t.JMeterThread: Thread is done: Thread Group 1-85
2021-05-05 18:39:02,634 INFO o.a.j.t.JMeterThread: Thread finished: Thread Group 1-85
2021-05-05 18:39:03,187 INFO o.a.j.t.JMeterThread: Thread started: Thread Group 1-87
2021-05-05 18:39:03,195 INFO o.a.j.t.JMeterThread: Thread is done: Thread Group 1-86
2021-05-05 18:39:03,195 INFO o.a.j.t.JMeterThread: Thread finished: Thread Group 1-86
2021-05-05 18:39:03,788 INFO o.a.j.t.JMeterThread: Thread started: Thread Group 1-88
2021-05-05 18:39:03,798 INFO o.a.j.t.JMeterThread: Thread is done: Thread Group 1-87
2021-05-05 18:39:03,798 INFO o.a.j.t.JMeterThread: Thread finished: Thread Group 1-87
2021-05-05 18:39:04,389 INFO o.a.j.t.JMeterThread: Thread started: Thread Group 1-89
2021-05-05 18:39:04,412 INFO o.a.j.t.JMeterThread: Thread is done: Thread Group 1-88
2021-05-05 18:39:04,412 INFO o.a.j.t.JMeterThread: Thread finished: Thread Group 1-88
2021-05-05 18:39:04,988 INFO o.a.j.t.JMeterThread: Thread started: Thread Group 1-90
2021-05-05 18:39:05,017 INFO o.a.j.t.JMeterThread: Thread is done: Thread Group 1-89
2021-05-05 18:39:05,017 INFO o.a.j.t.JMeterThread: Thread finished: Thread Group 1-89
2021-05-05 18:39:05,588 INFO o.a.j.t.JMeterThread: Thread started: Thread Group 1-91
2021-05-05 18:39:05,638 INFO o.a.j.t.JMeterThread: Thread is done: Thread Group 1-90
2021-05-05 18:39:05,639 INFO o.a.j.t.JMeterThread: Thread finished: Thread Group 1-90
2021-05-05 18:39:06,188 INFO o.a.j.t.JMeterThread: Thread started: Thread Group 1-92
2021-05-05 18:39:06,246 INFO o.a.j.t.JMeterThread: Thread is done: Thread Group 1-91
2021-05-05 18:39:06,246 INFO o.a.j.t.JMeterThread: Thread finished: Thread Group 1-91
2021-05-05 18:39:06,789 INFO o.a.j.t.JMeterThread: Thread is done: Thread Group 1-92
2021-05-05 18:39:06,789 INFO o.a.j.t.JMeterThread: Thread finished: Thread Group 1-92
2021-05-05 18:39:06,790 INFO o.a.j.t.JMeterThread: Thread started: Thread Group 1-93
2021-05-05 18:39:07,390 INFO o.a.j.t.JMeterThread: Thread started: Thread Group 1-94
2021-05-05 18:39:07,439 INFO o.a.j.t.JMeterThread: Thread is done: Thread Group 1-93
2021-05-05 18:39:07,439 INFO o.a.j.t.JMeterThread: Thread finished: Thread Group 1-93
2021-05-05 18:39:07,936 INFO o.a.j.t.JMeterThread: Thread is done: Thread Group 1-94
2021-05-05 18:39:07,936 INFO o.a.j.t.JMeterThread: Thread finished: Thread Group 1-94
2021-05-05 18:39:07,987 INFO o.a.j.t.JMeterThread: Thread started: Thread Group 1-95
2021-05-05 18:39:08,589 INFO o.a.j.t.JMeterThread: Thread started: Thread Group 1-96
2021-05-05 18:39:08,672 INFO o.a.j.t.JMeterThread: Thread is done: Thread Group 1-95
2021-05-05 18:39:08,672 INFO o.a.j.t.JMeterThread: Thread finished: Thread Group 1-95
2021-05-05 18:39:09,191 INFO o.a.j.t.JMeterThread: Thread started: Thread Group 1-97
2021-05-05 18:39:09,273 INFO o.a.j.t.JMeterThread: Thread is done: Thread Group 1-96
2021-05-05 18:39:09,274 INFO o.a.j.t.JMeterThread: Thread finished: Thread Group 1-96
2021-05-05 18:39:09,788 INFO o.a.j.t.JMeterThread: Thread started: Thread Group 1-98
2021-05-05 18:39:09,802 INFO o.a.j.t.JMeterThread: Thread is done: Thread Group 1-97
2021-05-05 18:39:09,802 INFO o.a.j.t.JMeterThread: Thread finished: Thread Group 1-97
2021-05-05 18:39:10,359 INFO o.a.j.t.JMeterThread: Thread is done: Thread Group 1-98
2021-05-05 18:39:10,359 INFO o.a.j.t.JMeterThread: Thread finished: Thread Group 1-98
2021-05-05 18:39:10,390 INFO o.a.j.t.JMeterThread: Thread started: Thread Group 1-99
2021-05-05 18:39:10,969 INFO o.a.j.t.JMeterThread: Thread is done: Thread Group 1-99
2021-05-05 18:39:10,970 INFO o.a.j.t.JMeterThread: Thread finished: Thread Group 1-99
2021-05-05 18:39:10,991 INFO o.a.j.t.JMeterThread: Thread started: Thread Group 1-100
2021-05-05 18:39:11,542 INFO o.a.j.t.JMeterThread: Thread is done: Thread Group 1-100
2021-05-05 18:39:11,542 INFO o.a.j.t.JMeterThread: Thread finished: Thread Group 1-100
2021-05-05 18:39:11,542 INFO o.a.j.e.StandardJMeterEngine: Notifying test listeners of end of test
2021-05-05 18:39:11,542 INFO o.a.j.s.FileServer: Close: /Users/prashantapaudel/csv/beta-urls.csv
2021-05-05 18:39:11,543 INFO o.a.j.g.u.JMeterMenuBar: setRunning(false, *local*)
2021-05-05 18:41:35,494 INFO o.a.j.v.ViewResultsFullVisualizer: Add JavaFX to your Java installation if you want to use renderer: org.apache.jmeter.visualizers.RenderInBrowser
